Flutter crash report.
Please report a bug at https://github.com/flutter/flutter/issues.

## command

flutter pub get

## exception

FormatException: FormatException: Unexpected end of input (at character 1)

^


```
#0      _ChunkedJsonParser.fail (dart:convert-patch/convert_patch.dart:1383:5)
#1      _ChunkedJsonParser.close (dart:convert-patch/convert_patch.dart:501:7)
#2      _parseJson (dart:convert-patch/convert_patch.dart:36:10)
#3      JsonDecoder.convert (dart:convert/json.dart:610:36)
#4      JsonCodec.decode (dart:convert/json.dart:216:41)
#5      createPluginSymlinks (package:flutter_tools/src/flutter_plugins.dart:979:51)
#6      refreshPluginsList (package:flutter_tools/src/flutter_plugins.dart:1087:5)
<asynchronous suspension>
#7      FlutterProject.ensureReadyForPlatformSpecificTooling (package:flutter_tools/src/project.dart:357:5)
<asynchronous suspension>
#8      PackagesGetCommand.runCommand (package:flutter_tools/src/commands/packages.dart:337:7)
<asynchronous suspension>
#9      FlutterCommand.run.<anonymous closure> (package:flutter_tools/src/runner/flutter_command.dart:1297:27)
<asynchronous suspension>
#10     AppContext.run.<anonymous closure> (package:flutter_tools/src/base/context.dart:150:19)
<asynchronous suspension>
#11     CommandRunner.runCommand (package:args/command_runner.dart:212:13)
<asynchronous suspension>
#12     FlutterCommandRunner.runCommand.<anonymous closure> (package:flutter_tools/src/runner/flutter_command_runner.dart:339:9)
<asynchronous suspension>
#13     AppContext.run.<anonymous closure> (package:flutter_tools/src/base/context.dart:150:19)
<asynchronous suspension>
#14     FlutterCommandRunner.runCommand (package:flutter_tools/src/runner/flutter_command_runner.dart:285:5)
<asynchronous suspension>
#15     run.<anonymous closure>.<anonymous closure> (package:flutter_tools/runner.dart:115:9)
<asynchronous suspension>
#16     AppContext.run.<anonymous closure> (package:flutter_tools/src/base/context.dart:150:19)
<asynchronous suspension>
#17     main (package:flutter_tools/executable.dart:90:3)
<asynchronous suspension>
```

## flutter doctor

```
[✓] Flutter (Channel stable, 3.13.1, on macOS 13.6 22G109 darwin-x64, locale en-GB)
    • Flutter version 3.13.1 on channel stable at /Volumes/CTO/sdk/flutter
    • Upstream repository https://github.com/flutter/flutter.git
    • Framework revision e1e47221e8 (5 weeks ago), 2023-08-22 21:43:18 -0700
    • Engine revision b20183e040
    • Dart version 3.1.0
    • DevTools version 2.25.0

[✓] Android toolchain - develop for Android devices (Android SDK version 34.0.0)
    • Android SDK at /Users/cto/Library/Android/sdk
    • Platform android-34, build-tools 34.0.0
    • Java binary at: /Applications/Android Studio.app/Contents/jbr/Contents/Home/bin/java
    • Java version OpenJDK Runtime Environment (build 17.0.6+0-17.0.6b829.9-10027231)
    • All Android licenses accepted.

[✓] Xcode - develop for iOS and macOS (Xcode 14.3.1)
    • Xcode at /Volumes/CTO/Software/Xcode.app/Contents/Developer
    • Build 14E300c
    • CocoaPods version 1.12.1

[✓] Chrome - develop for the web
    • Chrome at /Applications/Google Chrome.app/Contents/MacOS/Google Chrome

[✓] Android Studio (version 2022.3)
    • Android Studio at /Applications/Android Studio.app/Contents
    • Flutter plugin can be installed from:
      🔨 https://plugins.jetbrains.com/plugin/9212-flutter
    • Dart plugin can be installed from:
      🔨 https://plugins.jetbrains.com/plugin/6351-dart
    • Java version OpenJDK Runtime Environment (build 17.0.6+0-17.0.6b829.9-10027231)

[✓] VS Code (version 1.82.2)
    • VS Code at /Applications/Visual Studio Code.app/Contents
    • Flutter extension version 3.72.0

[✓] Connected device (3 available)
    • CPH1909 (mobile) • HID6ONAA7S9S45VK • android-arm64  • Android 8.1.0 (API 27)
    • macOS (desktop)  • macos            • darwin-x64     • macOS 13.6 22G109 darwin-x64
    • Chrome (web)     • chrome           • web-javascript • Google Chrome 116.0.5845.187

[✓] Network resources
    • All expected network resources are available.

• No issues found!
```
